Synthesizing design: rcv_block.sv

                      Design Compiler Graphical
                            DC Ultra (TM)
                             DFTMAX (TM)
                         Power Compiler (TM)
                           DesignWare (R)
                           DC Expert (TM)
                         Design Vision (TM)
                          HDL Compiler (TM)
                         VHDL Compiler (TM)
                            DFT Compiler
                        Library Compiler (TM)
                         Design Compiler(R)

            Version G-2012.06 for RHEL64 -- May 30, 2012
               Copyright (c) 1988-2012 Synopsys, Inc.

This software and the associated documentation are confidential and 
proprietary to Synopsys, Inc. Your use or disclosure of this software 
is subject to the terms and conditions of a written license agreement 
between you, or your company, and Synopsys, Inc.

Initializing...
dc_shell> dc_shell> Running PRESTO HDLC
Searching for ./timer.sv
Searching for /package/eda/synopsys/syn-G-2012.06/libraries/syn/timer.sv
Searching for /package/eda/synopsys/syn-G-2012.06/dw/sim_ver/timer.sv
Searching for ./source/timer.sv
Searching for ./rcu.sv
Searching for /package/eda/synopsys/syn-G-2012.06/libraries/syn/rcu.sv
Searching for /package/eda/synopsys/syn-G-2012.06/dw/sim_ver/rcu.sv
Searching for ./source/rcu.sv
Searching for ./sr_9bit.sv
Searching for /package/eda/synopsys/syn-G-2012.06/libraries/syn/sr_9bit.sv
Searching for /package/eda/synopsys/syn-G-2012.06/dw/sim_ver/sr_9bit.sv
Searching for ./source/sr_9bit.sv
Searching for ./rx_data_buff.sv
Searching for /package/eda/synopsys/syn-G-2012.06/libraries/syn/rx_data_buff.sv
Searching for /package/eda/synopsys/syn-G-2012.06/dw/sim_ver/rx_data_buff.sv
Searching for ./source/rx_data_buff.sv
Searching for ./start_bit_det.sv
Searching for /package/eda/synopsys/syn-G-2012.06/libraries/syn/start_bit_det.sv
Searching for /package/eda/synopsys/syn-G-2012.06/dw/sim_ver/start_bit_det.sv
Searching for ./source/start_bit_det.sv
Searching for ./stop_bit_chk.sv
Searching for /package/eda/synopsys/syn-G-2012.06/libraries/syn/stop_bit_chk.sv
Searching for /package/eda/synopsys/syn-G-2012.06/dw/sim_ver/stop_bit_chk.sv
Searching for ./source/stop_bit_chk.sv
Searching for ./flex_stp_sr.sv
Searching for /package/eda/synopsys/syn-G-2012.06/libraries/syn/flex_stp_sr.sv
Searching for /package/eda/synopsys/syn-G-2012.06/dw/sim_ver/flex_stp_sr.sv
Searching for ./source/flex_stp_sr.sv
Searching for ./flex_counter.sv
Searching for /package/eda/synopsys/syn-G-2012.06/libraries/syn/flex_counter.sv
Searching for /package/eda/synopsys/syn-G-2012.06/dw/sim_ver/flex_counter.sv
Searching for ./source/flex_counter.sv
Searching for ./rcv_block.sv
Searching for /package/eda/synopsys/syn-G-2012.06/libraries/syn/rcv_block.sv
Searching for /package/eda/synopsys/syn-G-2012.06/dw/sim_ver/rcv_block.sv
Searching for ./source/rcv_block.sv
Compiling source file ./source/timer.sv
Compiling source file ./source/rcu.sv
Compiling source file ./source/sr_9bit.sv
Compiling source file ./source/rx_data_buff.sv
Warning:  ./source/rx_data_buff.sv:82: The construct 'immediate assertion' is not supported in synthesis; it is ignored. (VER-708)
Warning:  ./source/rx_data_buff.sv:86: The construct 'immediate assertion' is not supported in synthesis; it is ignored. (VER-708)
Warning:  ./source/rx_data_buff.sv:90: The construct 'immediate assertion' is not supported in synthesis; it is ignored. (VER-708)
Warning:  ./source/rx_data_buff.sv:94: The construct 'immediate assertion' is not supported in synthesis; it is ignored. (VER-708)
Warning:  ./source/rx_data_buff.sv:100: The construct 'immediate assertion' is not supported in synthesis; it is ignored. (VER-708)
Compiling source file ./source/start_bit_det.sv
Warning:  ./source/start_bit_det.sv:43: The construct 'immediate assertion' is not supported in synthesis; it is ignored. (VER-708)
Warning:  ./source/start_bit_det.sv:47: The construct 'immediate assertion' is not supported in synthesis; it is ignored. (VER-708)
Warning:  ./source/start_bit_det.sv:51: The construct 'immediate assertion' is not supported in synthesis; it is ignored. (VER-708)
Compiling source file ./source/stop_bit_chk.sv
Warning:  ./source/stop_bit_chk.sv:61: The construct 'immediate assertion' is not supported in synthesis; it is ignored. (VER-708)
Warning:  ./source/stop_bit_chk.sv:65: The construct 'immediate assertion' is not supported in synthesis; it is ignored. (VER-708)
Warning:  ./source/stop_bit_chk.sv:69: The construct 'immediate assertion' is not supported in synthesis; it is ignored. (VER-708)
Warning:  ./source/stop_bit_chk.sv:73: The construct 'immediate assertion' is not supported in synthesis; it is ignored. (VER-708)
Warning:  ./source/stop_bit_chk.sv:77: The construct 'immediate assertion' is not supported in synthesis; it is ignored. (VER-708)
Compiling source file ./source/flex_stp_sr.sv
Warning:  ./source/flex_stp_sr.sv:22: The construct 'declaration initial assignment' is not supported in synthesis; it is ignored. (VER-708)
Compiling source file ./source/flex_counter.sv
Compiling source file ./source/rcv_block.sv
Presto compilation completed successfully.
Loading db file '/package/eda/cells/OSU/v2.7/synopsys/lib/ami05/osu05_stdcells.db'
Loading db file '/package/eda/synopsys/syn-G-2012.06/libraries/syn/dw_foundation.sldb'
1
dc_shell> Loading db file '/package/eda/synopsys/syn-G-2012.06/libraries/syn/gtech.db'
Loading db file '/package/eda/synopsys/syn-G-2012.06/libraries/syn/standard.sldb'
  Loading link library 'osu05_stdcells'
  Loading link library 'gtech'
Running PRESTO HDLC
Presto compilation completed successfully.
Elaborated 1 design.
Current design is now 'rcv_block'.
Information: Building the design 'sr_9bit'. (HDL-193)
Presto compilation completed successfully.
Information: Building the design 'start_bit_det'. (HDL-193)

Inferred memory devices in process
	in routine start_bit_det line 21 in file
		'./source/start_bit_det.sv'.
===============================================================================
|    Register Name    |   Type    | Width | Bus | MB | AR | AS | SR | SS | ST |
===============================================================================
|   sync_phase_reg    | Flip-flop |   1   |  N  | N  | N  | Y  | N  | N  | N  |
|   old_sample_reg    | Flip-flop |   1   |  N  | N  | N  | Y  | N  | N  | N  |
|   new_sample_reg    | Flip-flop |   1   |  N  | N  | N  | Y  | N  | N  | N  |
===============================================================================
Warning:  ./source/start_bit_det.sv:41: Netlist for always block is empty. (ELAB-985)
Presto compilation completed successfully.
Information: Building the design 'rcu'. (HDL-193)

Statistics for case statements in always block at line 38 in file
	'./source/rcu.sv'
===============================================
|           Line           |  full/ parallel  |
===============================================
|            39            |    auto/auto     |
===============================================

Inferred memory devices in process
	in routine rcu line 28 in file
		'./source/rcu.sv'.
===============================================================================
|    Register Name    |   Type    | Width | Bus | MB | AR | AS | SR | SS | ST |
===============================================================================
|      state_reg      | Flip-flop |   2   |  Y  | N  | Y  | N  | N  | N  | N  |
|      state_reg      | Flip-flop |   1   |  N  | N  | N  | Y  | N  | N  | N  |
===============================================================================

Inferred memory devices in process
	in routine rcu line 38 in file
		'./source/rcu.sv'.
===========================================================================
|    Register Name    | Type  | Width | Bus | MB | AR | AS | SR | SS | ST |
===========================================================================
|   load_buffer_reg   | Latch |   1   |  N  | N  | N  | N  | -  | -  | -  |
|  enable_timer_reg   | Latch |   1   |  N  | N  | N  | N  | -  | -  | -  |
|    sbc_clear_reg    | Latch |   1   |  N  | N  | N  | N  | -  | -  | -  |
|   sbc_enable_reg    | Latch |   1   |  N  | N  | N  | N  | -  | -  | -  |
===========================================================================
Warning:  ./source/rcu.sv:38: Netlist for always_comb block contains a latch. (ELAB-974)
Presto compilation completed successfully.
Information: Building the design 'timer'. (HDL-193)
Presto compilation completed successfully.
Information: Building the design 'stop_bit_chk'. (HDL-193)

Inferred memory devices in process
	in routine stop_bit_chk line 21 in file
		'./source/stop_bit_chk.sv'.
===============================================================================
|    Register Name    |   Type    | Width | Bus | MB | AR | AS | SR | SS | ST |
===============================================================================
|  framing_error_reg  | Flip-flop |   1   |  N  | N  | Y  | N  | N  | N  | N  |
===============================================================================
Warning:  ./source/stop_bit_chk.sv:59: Netlist for always block is empty. (ELAB-985)
Presto compilation completed successfully.
Information: Building the design 'rx_data_buff'. (HDL-193)

Inferred memory devices in process
	in routine rx_data_buff line 26 in file
		'./source/rx_data_buff.sv'.
===============================================================================
|    Register Name    |   Type    | Width | Bus | MB | AR | AS | SR | SS | ST |
===============================================================================
|  overrun_error_reg  | Flip-flop |   1   |  N  | N  | Y  | N  | N  | N  | N  |
|     rx_data_reg     | Flip-flop |   8   |  Y  | N  | N  | Y  | N  | N  | N  |
|   data_ready_reg    | Flip-flop |   1   |  N  | N  | Y  | N  | N  | N  | N  |
===============================================================================
Warning:  ./source/rx_data_buff.sv:80: Netlist for always block is empty. (ELAB-985)
Presto compilation completed successfully.
Information: Building the design 'flex_stp_sr' instantiated from design 'sr_9bit' with
	the parameters "NUM_BITS=9,SHIFT_MSB=0". (HDL-193)

Inferred memory devices in process
	in routine flex_stp_sr_NUM_BITS9_SHIFT_MSB0 line 26 in file
		'./source/flex_stp_sr.sv'.
===============================================================================
|    Register Name    |   Type    | Width | Bus | MB | AR | AS | SR | SS | ST |
===============================================================================
|    temp_out_reg     | Flip-flop |   9   |  Y  | N  | N  | Y  | N  | N  | N  |
===============================================================================
Presto compilation completed successfully.
Information: Building the design 'flex_counter'. (HDL-193)

Inferred memory devices in process
	in routine flex_counter line 31 in file
		'./source/flex_counter.sv'.
===============================================================================
|    Register Name    |   Type    | Width | Bus | MB | AR | AS | SR | SS | ST |
===============================================================================
|   count_curr_reg    | Flip-flop |   4   |  Y  | N  | Y  | N  | N  | N  | N  |
|    flag_curr_reg    | Flip-flop |   1   |  N  | N  | Y  | N  | N  | N  | N  |
===============================================================================
Presto compilation completed successfully.
Error: Width mismatch on port 'rollover_val' of reference to 'flex_counter' in 'timer'. (LINK-3)
Error: Width mismatch on port 'rollover_val' of reference to 'flex_counter' in 'timer'. (LINK-3)
1
dc_shell> dc_shell> 1
dc_shell> dc_shell> dc_shell> dc_shell> dc_shell> dc_shell> 1
dc_shell> dc_shell> dc_shell> Information: Evaluating DesignWare library utilization. (UISN-27)

============================================================================
| DesignWare Building Block Library  |         Version         | Available |
============================================================================
| Basic DW Building Blocks           | G-2012.06-DWBB_201206.0 |     *     |
| Licensed DW Building Blocks        | G-2012.06-DWBB_201206.0 |           |
============================================================================


Information: There are 8 potential problems in your design. Please run 'check_design' for more information. (LINT-99)



  Beginning Pass 1 Mapping
  ------------------------
  Processing 'rx_data_buff'
  Processing 'stop_bit_chk'
  Processing 'timer'
  Processing 'rcu'
  Processing 'start_bit_det'
  Processing 'flex_stp_sr_NUM_BITS9_SHIFT_MSB0'
  Processing 'sr_9bit'
  Processing 'rcv_block'
Error: Width mismatch on port 'rollover_val' of reference to 'flex_counter' in 'timer'. (LINK-3)
Warning: Unable to resolve reference 'flex_counter' in 'timer'. (LINK-5)
Error: Width mismatch on port 'rollover_val' of reference to 'flex_counter' in 'timer'. (LINK-3)
Warning: Unable to resolve reference 'flex_counter' in 'timer'. (LINK-5)

  Updating timing information
Information: Updating design information... (UID-85)

  Beginning Mapping Optimizations  (Medium effort)
  -------------------------------

   ELAPSED            WORST NEG TOTAL NEG  DESIGN                            
    TIME      AREA      SLACK     SLACK   RULE COST         ENDPOINT         
  --------- --------- --------- --------- --------- -------------------------
    0:00:00   56871.0      0.00       0.0       0.0                          
    0:00:00   56871.0      0.00       0.0       0.0                          
    0:00:00   56871.0      0.00       0.0       0.0                          
    0:00:00   56871.0      0.00       0.0       0.0                          
    0:00:00   56871.0      0.00       0.0       0.0                          
    0:00:00   56871.0      0.00       0.0       0.0                          
    0:00:00   55791.0      0.00       0.0       0.0                          
    0:00:00   55791.0      0.00       0.0       0.0                          
    0:00:00   55791.0      0.00       0.0       0.0                          
    0:00:00   55791.0      0.00       0.0       0.0                          
    0:00:00   55791.0      0.00       0.0       0.0                          
    0:00:00   55791.0      0.00       0.0       0.0                          
    0:00:00   55791.0      0.00       0.0       0.0                          
    0:00:00   55791.0      0.00       0.0       0.0                          
    0:00:00   55791.0      0.00       0.0       0.0                          



  Beginning Delay Optimization Phase
  ----------------------------------

   ELAPSED            WORST NEG TOTAL NEG  DESIGN                            
    TIME      AREA      SLACK     SLACK   RULE COST         ENDPOINT         
  --------- --------- --------- --------- --------- -------------------------
    0:00:00   55791.0      0.00       0.0       0.0                          
    0:00:00   55791.0      0.00       0.0       0.0                          
    0:00:01   55791.0      0.00       0.0       0.0                          


  Beginning Area-Recovery Phase  (cleanup)
  -----------------------------

   ELAPSED            WORST NEG TOTAL NEG  DESIGN                            
    TIME      AREA      SLACK     SLACK   RULE COST         ENDPOINT         
  --------- --------- --------- --------- --------- -------------------------
    0:00:01   55791.0      0.00       0.0       0.0                          
    0:00:01   55791.0      0.00       0.0       0.0                          
    0:00:01   55791.0      0.00       0.0       0.0                          
    0:00:01   55647.0      0.00       0.0       0.0                          
    0:00:01   55359.0      0.00       0.0       0.0                          
    0:00:01   55359.0      0.00       0.0       0.0                          
    0:00:01   55359.0      0.00       0.0       0.0                          
    0:00:01   55359.0      0.00       0.0       0.0                          
    0:00:01   55359.0      0.00       0.0       0.0                          
    0:00:01   55359.0      0.00       0.0       0.0                          
    0:00:01   55359.0      0.00       0.0       0.0                          
    0:00:01   55359.0      0.00       0.0       0.0                          
    0:00:01   55359.0      0.00       0.0       0.0                          
    0:00:01   55359.0      0.00       0.0       0.0                          
    0:00:01   55359.0      0.00       0.0       0.0                          
    0:00:01   55359.0      0.00       0.0       0.0                          
    0:00:01   55359.0      0.00       0.0       0.0                          
    0:00:01   55359.0      0.00       0.0       0.0                          
Loading db file '/package/eda/cells/OSU/v2.7/synopsys/lib/ami05/osu05_stdcells.db'

  Optimization Complete
  ---------------------
1
dc_shell> dc_shell> dc_shell> dc_shell> dc_shell> dc_shell> dc_shell> dc_shell> Writing verilog file '/home/ecegrid/a/mg104/ece337/Lab5/mapped/rcv_block.v'.
1
dc_shell> 
Script Done

dc_shell> 
Checking Design

dc_shell>  
****************************************
check_design summary:
Version:     G-2012.06
Date:        Thu Oct  2 00:10:08 2014
****************************************

                   Name                                            Total
--------------------------------------------------------------------------------
Inputs/Outputs                                                      3
    Multiply driven inputs (LINT-6)                                 3

Nets                                                                2
    Multiply driven net with constant driver (LINT-54)              2

Tristate                                                            3
    A tristate bus has a non tri-state driver (LINT-34)             3
--------------------------------------------------------------------------------

Warning: In design 'timer', input port 'clk' drives wired logic; the port direction may have been specified incorrectly. (LINT-6)
Warning: In design 'timer', input port 'n_rst' drives wired logic; the port direction may have been specified incorrectly. (LINT-6)
Warning: In design 'timer', input port 'enable_timer' drives wired logic; the port direction may have been specified incorrectly. (LINT-6)
Warning: In design 'rcv_block', three-state bus 'enable_timer' has non three-state driver 'RCU/enable_timer_reg/Q'. (LINT-34)
Warning: In design 'rcv_block', three-state bus 'TIME/*Logic0*' has non three-state driver 'TIME/U2/**logic_0**'. (LINT-34)
Warning: In design 'rcv_block', three-state bus 'TIME/*Logic1*' has non three-state driver 'TIME/U1/**logic_1**'. (LINT-34)
Warning: In design 'rcv_block', multiply-driven net 'TIME/*Logic0*' is driven by constant 0. (LINT-54)
Warning: In design 'rcv_block', multiply-driven net 'TIME/*Logic1*' is driven by constant 1. (LINT-54)
1
dc_shell> 
Thank you...
Done


